2024-12-19 13:52:17,926 - INFO - GLaDOS签到服务启动
2024-12-19 13:52:17,926 - INFO - 下次签到时间: 2024-12-19 14:50:00
2024-12-19 13:52:17,927 - INFO - 等待3462.072978秒后执行签到...
2024-12-19 13:53:20,431 - INFO - GLaDOS签到服务启动
2024-12-19 13:53:20,432 - INFO - 下次签到时间: 2024-12-19 14:50:00
2024-12-19 13:53:20,432 - INFO - 等待3399.567545秒后执行签到...
2024-12-19 14:01:22,903 - INFO - GLaDOS签到服务启动
2024-12-19 14:01:22,904 - INFO - 计算得到的下次签到时间: 2024-12-19 14:50:00
2024-12-19 14:01:22,904 - INFO - 下次签到时间: 2024-12-19 14:50:00
2024-12-19 14:01:22,904 - INFO - 等待 2917.10 秒
2024-12-19 16:34:12,735 - ERROR - 程序执行异常: 'cookie'
2024-12-19 16:34:18,994 - ERROR - 程序执行异常: 'cookie'
2024-12-19 16:43:22,372 - INFO - 开始签到 - 北京时间: 2024-12-19 23:43:22
2024-12-19 16:43:25,114 - INFO - 签到响应状态码: 200
2024-12-19 16:43:25,115 - INFO - 签到响应内容: {"code":-2,"message":"没有权限"}
2024-12-19 16:44:04,009 - INFO - 开始签到 - 北京时间: 2024-12-19 23:44:04
2024-12-19 16:44:05,687 - INFO - 签到响应状态码: 200
2024-12-19 16:44:05,688 - INFO - 签到响应内容: {"code":-2,"message":"没有权限"}
2024-12-19 16:45:31,202 - INFO - 开始签到 - 北京时间: 2024-12-19 23:45:31
2024-12-19 16:45:33,350 - ERROR - 签到异常: 'latin-1' codec can't encode characters in position 0-8: ordinal not in range(256)
2024-12-19 16:47:36,528 - INFO - 正在检查配置...
2024-12-19 16:47:36,528 - INFO - Cookie 长度: 52
2024-12-19 16:47:36,528 - INFO - Telegram Bot Token: 7818042748...
2024-12-19 16:47:36,528 - INFO - Telegram Chat ID: 6421422299
2024-12-19 16:47:36,528 - INFO - 开始签到 - 北京时间: 2024-12-19 23:47:36
2024-12-19 16:47:38,582 - ERROR - 签到异常: 'latin-1' codec can't encode characters in position 0-8: ordinal not in range(256)
2024-12-19 16:48:27,639 - INFO - 正在检查配置...
2024-12-19 16:48:27,639 - INFO - Cookie 长度: 52
2024-12-19 16:48:27,639 - INFO - Telegram Bot Token: 7818042748...
2024-12-19 16:48:27,639 - INFO - Telegram Chat ID: 6421422299
2024-12-19 16:48:27,639 - INFO - 开始签到 - 北京时间: 2024-12-19 23:48:27
2024-12-19 16:48:29,838 - ERROR - 签到异常: 'latin-1' codec can't encode characters in position 0-8: ordinal not in range(256)
2024-12-19 16:48:41,226 - INFO - 正在检查配置...
2024-12-19 16:48:41,226 - INFO - Cookie 长度: 52
2024-12-19 16:48:41,226 - INFO - Telegram Bot Token: 7818042748...
2024-12-19 16:48:41,226 - INFO - Telegram Chat ID: 6421422299
2024-12-19 16:48:41,226 - INFO - 运行测试模式
2024-12-19 16:48:43,558 - INFO - Telegram 消息推送成功
2024-12-19 16:48:43,562 - INFO - Telegram推送成功
2024-12-19 16:48:43,562 - INFO - 测试消息已发送
2024-12-19 16:48:48,497 - INFO - 正在检查配置...
2024-12-19 16:48:48,497 - INFO - Cookie 长度: 52
2024-12-19 16:48:48,497 - INFO - Telegram Bot Token: 7818042748...
2024-12-19 16:48:48,497 - INFO - Telegram Chat ID: 6421422299
2024-12-19 16:48:48,497 - INFO - 开始签到 - 北京时间: 2024-12-19 23:48:48
2024-12-19 16:48:50,255 - ERROR - 签到异常: 'latin-1' codec can't encode characters in position 0-8: ordinal not in range(256)
2024-12-19 16:50:30,165 - INFO - 正在检查配置...
2024-12-19 16:50:30,165 - INFO - Cookie 长度: 52
2024-12-19 16:50:30,165 - INFO - Telegram Bot Token: 7818042748...
2024-12-19 16:50:30,165 - INFO - Telegram Chat ID: 6421422299
2024-12-19 16:50:30,165 - INFO - 开始签到 - 北京时间: 2024-12-19 23:50:30
2024-12-19 16:50:32,076 - ERROR - 签到异常: 'latin-1' codec can't encode characters in position 0-8: ordinal not in range(256)
2024-12-19 16:51:52,152 - INFO - 正在检查配置...
2024-12-19 16:51:52,152 - INFO - Cookie 长度: 135
2024-12-19 16:51:52,152 - INFO - Telegram Bot Token: 7818042748...
2024-12-19 16:51:52,152 - INFO - Telegram Chat ID: 6421422299
2024-12-19 16:51:52,152 - INFO - 开始签到 - 北京时间: 2024-12-19 23:51:52
2024-12-19 16:51:54,568 - INFO - 签到响应状态码: 200
2024-12-19 16:51:54,568 - INFO - 签到响应内容: {"code":1,"points":0,"message":"Checkin Repeats! Please Try Tomorrow","list":[{"id":93929620,"user_id":568822,"time":1734569921684,"asset":"points","business":"system:checkin:2024-12-19","change":"7.00000000","balance":"7.0000000000000000","detail":"checkin:2024-12-19-568822"}]}
2024-12-19 16:51:55,190 - INFO - 今日已签到
2024-12-19 16:51:57,268 - INFO - Telegram 消息推送成功
2024-12-19 16:51:57,272 - INFO - Telegram推送成功
2024-12-19 16:52:17,696 - INFO - 正在检查配置...
2024-12-19 16:52:17,696 - INFO - Cookie 长度: 135
2024-12-19 16:52:17,696 - INFO - Telegram Bot Token: 6947840277...
2024-12-19 16:52:17,696 - INFO - Telegram Chat ID: 6421422299
2024-12-19 16:52:17,696 - INFO - 开始签到 - 北京时间: 2024-12-19 23:52:17
2024-12-19 16:52:20,734 - INFO - 签到响应状态码: 200
2024-12-19 16:52:20,735 - INFO - 签到响应内容: {"code":1,"points":0,"message":"Checkin Repeats! Please Try Tomorrow","list":[{"id":93929620,"user_id":568822,"time":1734569921684,"asset":"points","business":"system:checkin:2024-12-19","change":"7.00000000","balance":"7.0000000000000000","detail":"checkin:2024-12-19-568822"}]}
2024-12-19 16:52:21,672 - INFO - 今日已签到
2024-12-19 16:52:25,776 - ERROR - Telegram 消息推送失败: {"ok":false,"error_code":401,"description":"Unauthorized"}
2024-12-19 16:52:25,780 - INFO - Telegram推送失败
2024-12-19 16:53:21,488 - INFO - 正在检查配置...
2024-12-19 16:53:21,488 - INFO - Cookie 长度: 135
2024-12-19 16:53:21,489 - INFO - Telegram Bot Token: 你从BotFathe...
2024-12-19 16:53:21,489 - INFO - Telegram Chat ID: 从getUpdates获取的chat_id
2024-12-19 16:53:21,489 - INFO - 开始签到 - 北京时间: 2024-12-19 23:53:21
2024-12-19 16:53:23,632 - INFO - 签到响应状态码: 200
2024-12-19 16:53:23,632 - INFO - 签到响应内容: {"code":1,"points":0,"message":"Checkin Repeats! Please Try Tomorrow","list":[{"id":93929620,"user_id":568822,"time":1734569921684,"asset":"points","business":"system:checkin:2024-12-19","change":"7.00000000","balance":"7.0000000000000000","detail":"checkin:2024-12-19-568822"}]}
2024-12-19 16:53:25,134 - INFO - 今日已签到
2024-12-19 16:53:27,569 - ERROR - Telegram 消息推送失败: {"ok":false,"error_code":404,"description":"Not Found"}
2024-12-19 16:53:27,572 - INFO - Telegram推送失败
2024-12-19 16:53:42,231 - INFO - 正在检查配置...
2024-12-19 16:53:42,232 - INFO - Cookie 长度: 135
2024-12-19 16:53:42,232 - INFO - Telegram Bot Token: 你从BotFathe...
2024-12-19 16:53:42,232 - INFO - Telegram Chat ID: 从getUpdates获取的chat_id
2024-12-19 16:53:42,232 - INFO - 运行测试模式
2024-12-19 16:53:44,435 - ERROR - Telegram 消息推送失败: {"ok":false,"error_code":404,"description":"Not Found"}
2024-12-19 16:53:44,439 - INFO - Telegram推送失败
2024-12-19 16:53:44,439 - INFO - 测试消息已发送
2024-12-19 16:55:41,661 - INFO - 正在检查配置...
2024-12-19 16:55:41,661 - INFO - Cookie 长度: 135
2024-12-19 16:55:41,661 - INFO - Telegram Bot Token: 6947840277...
2024-12-19 16:55:41,661 - INFO - Telegram Chat ID: 6421422299
2024-12-19 16:55:41,662 - INFO - 运行测试模式
2024-12-19 16:55:44,094 - ERROR - Telegram 消息推送失败: {"ok":false,"error_code":401,"description":"Unauthorized"}
2024-12-19 16:55:44,097 - INFO - Telegram推送失败
2024-12-19 16:55:44,097 - INFO - 测试消息已发送
2024-12-19 16:57:24,712 - INFO - 正在检查配置...
2024-12-19 16:57:24,713 - INFO - Cookie 长度: 135
2024-12-19 16:57:24,713 - INFO - Telegram Bot Token: 7818042748...
2024-12-19 16:57:24,713 - INFO - Telegram Chat ID: 6421422299
2024-12-19 16:57:24,713 - INFO - 运行测试模式
2024-12-19 16:57:24,713 - ERROR - Telegram推送异常: 'api'
2024-12-19 16:57:24,713 - INFO - 测试消息已发送
2024-12-19 16:58:06,763 - INFO - 正在检查配置...
2024-12-19 16:58:06,763 - INFO - Cookie 长度: 135
2024-12-19 16:58:06,763 - INFO - Telegram Bot Token: 7818042748...
2024-12-19 16:58:06,763 - INFO - Telegram Chat ID: 6421422299
2024-12-19 16:58:06,763 - INFO - 运行测试模式
2024-12-19 16:58:06,763 - ERROR - Telegram 消息推送异常: 'disable_web_page_preview'
2024-12-19 16:58:06,763 - INFO - Telegram推送失败
2024-12-19 16:58:06,763 - INFO - 测试消息已发送
2024-12-19 16:58:44,782 - INFO - 正在检查配置...
2024-12-19 16:58:44,782 - INFO - Cookie 长度: 135
2024-12-19 16:58:44,782 - INFO - Telegram Bot Token: 7818042748...
2024-12-19 16:58:44,782 - INFO - Telegram Chat ID: 6421422299
2024-12-19 16:58:44,782 - INFO - 运行测试模式
2024-12-19 16:58:47,448 - INFO - Telegram 消息推送成功
2024-12-19 16:58:47,451 - INFO - Telegram推送成功
2024-12-19 16:58:47,451 - INFO - 测试消息已发送
2024-12-19 16:58:56,497 - INFO - 正在检查配置...
2024-12-19 16:58:56,497 - INFO - Cookie 长度: 135
2024-12-19 16:58:56,497 - INFO - Telegram Bot Token: 7818042748...
2024-12-19 16:58:56,497 - INFO - Telegram Chat ID: 6421422299
2024-12-19 16:58:56,497 - INFO - 开始签到 - 北京时间: 2024-12-19 23:58:56
2024-12-19 16:58:58,894 - INFO - 签到响应状态码: 200
2024-12-19 16:58:58,895 - INFO - 签到响应内容: {"code":1,"points":0,"message":"Checkin Repeats! Please Try Tomorrow","list":[{"id":93929620,"user_id":568822,"time":1734569921684,"asset":"points","business":"system:checkin:2024-12-19","change":"7.00000000","balance":"7.0000000000000000","detail":"checkin:2024-12-19-568822"}]}
2024-12-19 16:58:59,612 - INFO - 今日已签到
2024-12-19 16:59:02,310 - INFO - Telegram 消息推送成功
2024-12-19 16:59:02,315 - INFO - Telegram推送成功
2024-12-19 17:03:27,340 - INFO - 正在检查配置...
2024-12-19 17:03:27,341 - INFO - Cookie 长度: 135
2024-12-19 17:03:27,341 - INFO - Telegram Bot Token: 7818042748...
2024-12-19 17:03:27,341 - INFO - Telegram Chat ID: 6421422299
2024-12-19 17:03:27,341 - INFO - 运行测试模式
2024-12-19 17:03:29,130 - INFO - Telegram 消息推送成功
2024-12-19 17:03:29,133 - INFO - Telegram推送成功
2024-12-19 17:03:29,133 - INFO - 测试消息已发送
2024-12-19 17:04:10,152 - INFO - 正在检查配置...
2024-12-19 17:04:10,153 - INFO - Cookie 长度: 135
2024-12-19 17:04:10,153 - INFO - Telegram Bot Token: 7818042748...
2024-12-19 17:04:10,153 - INFO - Telegram Chat ID: 6421422299
2024-12-19 17:04:10,153 - INFO - 开始签到 - 北京时间: 2024-12-20 00:04:10
2024-12-19 17:04:11,655 - INFO - 签到响应状态码: 200
2024-12-19 17:04:11,655 - INFO - 签到响应内容: {"code":1,"points":0,"message":"Checkin Repeats! Please Try Tomorrow","list":[{"id":93929620,"user_id":568822,"time":1734569921684,"asset":"points","business":"system:checkin:2024-12-19","change":"7.00000000","balance":"7.0000000000000000","detail":"checkin:2024-12-19-568822"}]}
2024-12-19 17:04:12,090 - INFO - 今日已签到
2024-12-19 17:04:13,914 - INFO - Telegram 消息推送成功
2024-12-19 17:04:13,918 - INFO - Telegram推送成功
